<?xml version="1.0" encoding="UTF-8"?>
<testsuites name="jest tests" tests="4" failures="0" errors="0" time="13.443">
  <testsuite name="Donor API" errors="0" failures="0" skipped="0" timestamp="2025-10-17T11:25:09" time="13.253" tests="4">
    <testcase classname="Donor API GET /api/donors/nearby-alerts - should return nearby alerts" name="Donor API GET /api/donors/nearby-alerts - should return nearby alerts" time="1.842">
    </testcase>
    <testcase classname="Donor API GET /api/donors/donation-history - should return empty donation history" name="Donor API GET /api/donors/donation-history - should return empty donation history" time="1.517">
    </testcase>
    <testcase classname="Donor API GET /api/donors/stats - should return donor statistics" name="Donor API GET /api/donors/stats - should return donor statistics" time="1.081">
    </testcase>
    <testcase classname="Donor API POST /api/donors/alert/:alertId/respond - should fail with invalid alertId" name="Donor API POST /api/donors/alert/:alertId/respond - should fail with invalid alertId" time="1.196">
    </testcase>
  </testsuite>
</testsuites>